c:\users\isd10175\desktop\mfcapp\temp\mfcapp.pch
c:\users\isd10175\desktop\mfcapp\temp\vc120.pdb
c:\users\isd10175\desktop\mfcapp\temp\vc120.idb
c:\users\isd10175\desktop\mfcapp\temp\stdafx.obj
c:\users\isd10175\desktop\mfcapp\temp\mfcapp.obj
c:\users\isd10175\desktop\mfcapp\temp\mfcappdlg.obj
c:\users\isd10175\desktop\mfcapp\temp\openglcontrol.obj
c:\users\isd10175\desktop\mfcapp\debug\mfcapp.ilk
c:\users\isd10175\desktop\mfcapp\debug\mfcapp.exe
c:\users\isd10175\desktop\mfcapp\debug\mfcapp.pdb
c:\users\isd10175\desktop\mfcapp\temp\mfcapp.res
c:\users\isd10175\desktop\mfcapp\temp\mfcapp.tlog\cl.command.1.tlog
c:\users\isd10175\desktop\mfcapp\temp\mfcapp.tlog\cl.read.1.tlog
c:\users\isd10175\desktop\mfcapp\temp\mfcapp.tlog\cl.write.1.tlog
c:\users\isd10175\desktop\mfcapp\temp\mfcapp.tlog\link.command.1.tlog
c:\users\isd10175\desktop\mfcapp\temp\mfcapp.tlog\link.read.1.tlog
c:\users\isd10175\desktop\mfcapp\temp\mfcapp.tlog\link.write.1.tlog
c:\users\isd10175\desktop\mfcapp\temp\mfcapp.tlog\rc.command.1.tlog
c:\users\isd10175\desktop\mfcapp\temp\mfcapp.tlog\rc.read.1.tlog
c:\users\isd10175\desktop\mfcapp\temp\mfcapp.tlog\rc.write.1.tlog
